<?xml version="1.0" encoding="UTF-8"?>
<testng-results total="1" passed="1" failed="0" skipped="0">
  <reporter-output>
  </reporter-output>
  <suite started-at="2023-07-12T11:12:45Z" name="Surefire suite" finished-at="2023-07-12T11:12:45Z" duration-ms="53">
    <groups>
    </groups>
    <test started-at="2023-07-12T11:12:45Z" name="Surefire test" finished-at="2023-07-12T11:12:45Z" duration-ms="53">
      <class name="com.selenium.script.test_addressbook_selenium.AppTest">
        <test-method signature="shouldAnswerWithTrue()[pri:0, instance:shouldAnswerWithTrue(com.selenium.script.test_addressbook_selenium.AppTest)]" started-at="2023-07-12T16:42:45Z" name="shouldAnswerWithTrue" finished-at="2023-07-12T16:42:45Z" duration-ms="3" status="PASS">
          <reporter-output>
          </reporter-output>
        </test-method> <!-- shouldAnswerWithTrue -->
      </class> <!-- com.selenium.script.test_addressbook_selenium.AppTest -->
    </test> <!-- Surefire test -->
  </suite> <!-- Surefire suite -->
</testng-results>
